# JRE version: Java(TM) SE Runtime Environment (7.0_80-b15) (build 1.7.0_80-b15)
# Java VM: Java HotSpot(TM) 64-Bit Server VM (24.80-b11 mixed mode windows-amd64 compressed oops)
Heap
 PSYoungGen      total 269824K, used 107448K [0x00000007ab400000, 0x00000007bc500000, 0x0000000800000000)
  eden space 261632K, 40% used [0x00000007ab400000,0x00000007b1cae228,0x00000007bb380000)
  from space 8192K, 3% used [0x00000007bbc00000,0x00000007bbc40000,0x00000007bc400000)
  to   space 8704K, 0% used [0x00000007bb380000,0x00000007bb380000,0x00000007bbc00000)
 ParOldGen       total 173568K, used 5514K [0x0000000701c00000, 0x000000070c580000, 0x00000007ab400000)
  object space 173568K, 3% used [0x0000000701c00000,0x0000000702162a50,0x000000070c580000)
 PSPermGen       total 83456K, used 83414K [0x00000006fca00000, 0x0000000701b80000, 0x0000000701c00000)
  object space 83456K, 99% used [0x00000006fca00000,0x0000000701b75958,0x0000000701b80000)
GC Heap History (10 events):
Event: 540.576 GC heap before
{Heap before GC invocations=4 (full 0):
 PSYoungGen      total 76288K, used 71608K [0x00000007ab400000, 0x00000007b0900000, 0x0000000800000000)
  eden space 65536K, 100% used [0x00000007ab400000,0x00000007af400000,0x00000007af400000)
  from space 10752K, 56% used [0x00000007af400000,0x00000007af9ee3c8,0x00000007afe80000)
  to   space 10752K, 0% used [0x00000007afe80000,0x00000007afe80000,0x00000007b0900000)
 ParOldGen       total 173568K, used 88K [0x0000000701c00000, 0x000000070c580000, 0x00000007ab400000)
  object space 173568K, 0% used [0x0000000701c00000,0x0000000701c16010,0x000000070c580000)
 PSPermGen       total 34816K, used 34366K [0x00000006fca00000, 0x00000006fec00000, 0x0000000701c00000)
  object space 34816K, 98% used [0x00000006fca00000,0x00000006feb8fb38,0x00000006fec00000)
Event: 540.589 GC heap after
Heap after GC invocations=4 (full 0):
 PSYoungGen      total 76288K, used 5637K [0x00000007ab400000, 0x00000007b0900000, 0x0000000800000000)
  eden space 65536K, 0% used [0x00000007ab400000,0x00000007ab400000,0x00000007af400000)
  from space 10752K, 52% used [0x00000007afe80000,0x00000007b04017c0,0x00000007b0900000)
  to   space 10752K, 0% used [0x00000007af400000,0x00000007af400000,0x00000007afe80000)
 ParOldGen       total 173568K, used 96K [0x0000000701c00000, 0x000000070c580000, 0x00000007ab400000)
  object space 173568K, 0% used [0x0000000701c00000,0x0000000701c18010,0x000000070c580000)
 PSPermGen       total 34816K, used 34366K [0x00000006fca00000, 0x00000006fec00000, 0x0000000701c00000)
  object space 34816K, 98% used [0x00000006fca00000,0x00000006feb8fb38,0x00000006fec00000)
}
Event: 541.093 GC heap before
{Heap before GC invocations=5 (full 0):
 PSYoungGen      total 76288K, used 71173K [0x00000007ab400000, 0x00000007b0900000, 0x0000000800000000)
  eden space 65536K, 100% used [0x00000007ab400000,0x00000007af400000,0x00000007af400000)
  from space 10752K, 52% used [0x00000007afe80000,0x00000007b04017c0,0x00000007b0900000)
  to   space 10752K, 0% used [0x00000007af400000,0x00000007af400000,0x00000007afe80000)
 ParOldGen       total 173568K, used 96K [0x0000000701c00000, 0x000000070c580000, 0x00000007ab400000)
  object space 173568K, 0% used [0x0000000701c00000,0x0000000701c18010,0x000000070c580000)
 PSPermGen       total 40960K, used 40727K [0x00000006fca00000, 0x00000006ff200000, 0x0000000701c00000)
  object space 40960K, 99% used [0x00000006fca00000,0x00000006ff1c5d78,0x00000006ff200000)
Event: 541.123 GC heap after
Heap after GC invocations=5 (full 0):
 PSYoungGen      total 76288K, used 5517K [0x00000007ab400000, 0x00000007b4200000, 0x0000000800000000)
  eden space 65536K, 0% used [0x00000007ab400000,0x00000007ab400000,0x00000007af400000)
  from space 10752K, 51% used [0x00000007af400000,0x00000007af9637b0,0x00000007afe80000)
  to   space 7168K, 0% used [0x00000007b3b00000,0x00000007b3b00000,0x00000007b4200000)
 ParOldGen       total 173568K, used 104K [0x0000000701c00000, 0x000000070c580000, 0x00000007ab400000)
  object space 173568K, 0% used [0x0000000701c00000,0x0000000701c1a010,0x000000070c580000)
 PSPermGen       total 40960K, used 40727K [0x00000006fca00000, 0x00000006ff200000, 0x0000000701c00000)
  object space 40960K, 99% used [0x00000006fca00000,0x00000006ff1c5d78,0x00000006ff200000)
}
Event: 541.608 GC heap before
{Heap before GC invocations=6 (full 0):
 PSYoungGen      total 76288K, used 71053K [0x00000007ab400000, 0x00000007b4200000, 0x0000000800000000)
  eden space 65536K, 100% used [0x00000007ab400000,0x00000007af400000,0x00000007af400000)
  from space 10752K, 51% used [0x00000007af400000,0x00000007af9637b0,0x00000007afe80000)
  to   space 7168K, 0% used [0x00000007b3b00000,0x00000007b3b00000,0x00000007b4200000)
 ParOldGen       total 173568K, used 104K [0x0000000701c00000, 0x000000070c580000, 0x00000007ab400000)
  object space 173568K, 0% used [0x0000000701c00000,0x0000000701c1a010,0x000000070c580000)
 PSPermGen       total 46592K, used 46487K [0x00000006fca00000, 0x00000006ff780000, 0x0000000701c00000)
  object space 46592K, 99% used [0x00000006fca00000,0x00000006ff765d08,0x00000006ff780000)
Event: 541.616 GC heap after
Heap after GC invocations=6 (full 0):
 PSYoungGen      total 138240K, used 5637K [0x00000007ab400000, 0x00000007b4200000, 0x0000000800000000)
  eden space 131072K, 0% used [0x00000007ab400000,0x00000007ab400000,0x00000007b3400000)
  from space 7168K, 78% used [0x00000007b3b00000,0x00000007b40817c0,0x00000007b4200000)
  to   space 7168K, 0% used [0x00000007b3400000,0x00000007b3400000,0x00000007b3b00000)
 ParOldGen       total 173568K, used 112K [0x0000000701c00000, 0x000000070c580000, 0x00000007ab400000)
  object space 173568K, 0% used [0x0000000701c00000,0x0000000701c1c010,0x000000070c580000)
 PSPermGen       total 46592K, used 46487K [0x00000006fca00000, 0x00000006ff780000, 0x0000000701c00000)
  object space 46592K, 99% used [0x00000006fca00000,0x00000006ff765d08,0x00000006ff780000)
}
Event: 542.427 GC heap before
{Heap before GC invocations=7 (full 0):
 PSYoungGen      total 138240K, used 136709K [0x00000007ab400000, 0x00000007b4200000, 0x0000000800000000)
  eden space 131072K, 100% used [0x00000007ab400000,0x00000007b3400000,0x00000007b3400000)
  from space 7168K, 78% used [0x00000007b3b00000,0x00000007b40817c0,0x00000007b4200000)
  to   space 7168K, 0% used [0x00000007b3400000,0x00000007b3400000,0x00000007b3b00000)
 ParOldGen       total 173568K, used 112K [0x0000000701c00000, 0x000000070c580000, 0x00000007ab400000)
  object space 173568K, 0% used [0x0000000701c00000,0x0000000701c1c010,0x000000070c580000)
 PSPermGen       total 59904K, used 59449K [0x00000006fca00000, 0x0000000700480000, 0x0000000701c00000)
  object space 59904K, 99% used [0x00000006fca00000,0x000000070040e798,0x0000000700480000)
Event: 542.455 GC heap after
Heap after GC invocations=7 (full 0):
 PSYoungGen      total 138240K, used 1249K [0x00000007ab400000, 0x00000007bc400000, 0x0000000800000000)
  eden space 131072K, 0% used [0x00000007ab400000,0x00000007ab400000,0x00000007b3400000)
  from space 7168K, 17% used [0x00000007b3400000,0x00000007b3538780,0x00000007b3b00000)
  to   space 8192K, 0% used [0x00000007bbc00000,0x00000007bbc00000,0x00000007bc400000)
 ParOldGen       total 173568K, used 4688K [0x0000000701c00000, 0x000000070c580000, 0x00000007ab400000)
  object space 173568K, 2% used [0x0000000701c00000,0x00000007020942f0,0x000000070c580000)
 PSPermGen       total 59904K, used 59449K [0x00000006fca00000, 0x0000000700480000, 0x0000000701c00000)
  object space 59904K, 99% used [0x00000006fca00000,0x000000070040e798,0x0000000700480000)
}
Event: 543.387 GC heap before
{Heap before GC invocations=8 (full 0):
 PSYoungGen      total 138240K, used 132321K [0x00000007ab400000, 0x00000007bc400000, 0x0000000800000000)
  eden space 131072K, 100% used [0x00000007ab400000,0x00000007b3400000,0x00000007b3400000)
  from space 7168K, 17% used [0x00000007b3400000,0x00000007b3538780,0x00000007b3b00000)
  to   space 8192K, 0% used [0x00000007bbc00000,0x00000007bbc00000,0x00000007bc400000)
 ParOldGen       total 173568K, used 4688K [0x0000000701c00000, 0x000000070c580000, 0x00000007ab400000)
  object space 173568K, 2% used [0x0000000701c00000,0x00000007020942f0,0x000000070c580000)
 PSPermGen       total 73728K, used 73251K [0x00000006fca00000, 0x0000000701200000, 0x0000000701c00000)
  object space 73728K, 99% used [0x00000006fca00000,0x0000000701188db8,0x0000000701200000)
Event: 543.391 GC heap after
Heap after GC invocations=8 (full 0):
 PSYoungGen      total 269824K, used 256K [0x00000007ab400000, 0x00000007bc500000, 0x0000000800000000)
  eden space 261632K, 0% used [0x00000007ab400000,0x00000007ab400000,0x00000007bb380000)
  from space 8192K, 3% used [0x00000007bbc00000,0x00000007bbc40000,0x00000007bc400000)
  to   space 8704K, 0% used [0x00000007bb380000,0x00000007bb380000,0x00000007bbc00000)
 ParOldGen       total 173568K, used 5514K [0x0000000701c00000, 0x000000070c580000, 0x00000007ab400000)
  object space 173568K, 3% used [0x0000000701c00000,0x0000000702162a50,0x000000070c580000)
 PSPermGen       total 73728K, used 73251K [0x00000006fca00000, 0x0000000701200000, 0x0000000701c00000)
  object space 73728K, 99% used [0x00000006fca00000,0x0000000701188db8,0x0000000701200000)
}

